{"/Users/venkatagiribabu.jeedigunta/dev/me-repos/hackathon/hello-mcp/test-demo/src/utils.js": {"path":"/Users/venkatagiribabu.jeedigunta/dev/me-repos/hackathon/hello-mcp/test-demo/src/utils.js","statementMap":{"0":{"start":{"line":4,"column":2},"end":{"line":4,"column":15}},"1":{"start":{"line":8,"column":2},"end":{"line":8,"column":15}},"2":{"start":{"line":12,"column":2},"end":{"line":12,"column":15}},"3":{"start":{"line":16,"column":2},"end":{"line":18,"column":3}},"4":{"start":{"line":17,"column":4},"end":{"line":17,"column":40}},"5":{"start":{"line":19,"column":2},"end":{"line":19,"column":15}},"6":{"start":{"line":23,"column":2},"end":{"line":23,"column":23}},"7":{"start":{"line":27,"column":2},"end":{"line":27,"column":22}},"8":{"start":{"line":27,"column":12},"end":{"line":27,"column":22}},"9":{"start":{"line":28,"column":2},"end":{"line":28,"column":66}}},"fnMap":{"0":{"name":"add","decl":{"start":{"line":3,"column":16},"end":{"line":3,"column":19}},"loc":{"start":{"line":3,"column":26},"end":{"line":5,"column":1}},"line":3},"1":{"name":"subtract","decl":{"start":{"line":7,"column":16},"end":{"line":7,"column":24}},"loc":{"start":{"line":7,"column":31},"end":{"line":9,"column":1}},"line":7},"2":{"name":"multiply","decl":{"start":{"line":11,"column":16},"end":{"line":11,"column":24}},"loc":{"start":{"line":11,"column":31},"end":{"line":13,"column":1}},"line":11},"3":{"name":"divide","decl":{"start":{"line":15,"column":16},"end":{"line":15,"column":22}},"loc":{"start":{"line":15,"column":29},"end":{"line":20,"column":1}},"line":15},"4":{"name":"isEven","decl":{"start":{"line":22,"column":16},"end":{"line":22,"column":22}},"loc":{"start":{"line":22,"column":28},"end":{"line":24,"column":1}},"line":22},"5":{"name":"capitalize","decl":{"start":{"line":26,"column":16},"end":{"line":26,"column":26}},"loc":{"start":{"line":26,"column":32},"end":{"line":29,"column":1}},"line":26}},"branchMap":{"0":{"loc":{"start":{"line":16,"column":2},"end":{"line":18,"column":3}},"type":"if","locations":[{"start":{"line":16,"column":2},"end":{"line":18,"column":3}},{"start":{},"end":{}}],"line":16},"1":{"loc":{"start":{"line":27,"column":2},"end":{"line":27,"column":22}},"type":"if","locations":[{"start":{"line":27,"column":2},"end":{"line":27,"column":22}},{"start":{},"end":{}}],"line":27}},"s":{"0":2,"1":1,"2":2,"3":2,"4":1,"5":1,"6":4,"7":3,"8":1,"9":2},"f":{"0":2,"1":1,"2":2,"3":2,"4":4,"5":3},"b":{"0":[1,1],"1":[1,2]},"_coverageSchema":"1a1c01bbd47fc00a2c39e90264f33305004495a9","hash":"03d4bbb086150a0aefda1c3b16be8d60dd9dd221"}
}
